2025-04-20 18:46:58,468 - ATMClient - INFO - 已连接到服务器: 10.244.121.128:2525
2025-04-20 18:46:58,468 - ATMClient - INFO - 发送消息: HELO 12345
2025-04-20 18:46:58,484 - ATMClient - INFO - 接收响应: 500 sp AUTH REQUIRE

2025-04-20 18:47:01,073 - ATMClient - INFO - 发送消息: PASS 1234
2025-04-20 18:47:01,128 - ATMClient - INFO - 接收响应: 525 sp OK!

2025-04-20 18:47:05,568 - ATMClient - INFO - 发送消息: WDRA 100.0
2025-04-20 18:47:05,634 - ATMClient - INFO - 接收响应: 525 OK

2025-04-20 18:47:29,904 - ATMClient - INFO - 发送消息: BALA
2025-04-20 18:47:29,911 - ATMClient - INFO - 接收响应: AMNT:800.0

2025-04-20 18:47:43,945 - ATMClient - INFO - 已断开与服务器的连接
2025-04-20 18:56:46,991 - ATMClient - INFO - 已连接到服务器: 10.244.121.128:2525
2025-04-20 18:56:46,991 - ATMClient - INFO - 发送消息: HELO 12345
2025-04-20 18:56:47,025 - ATMClient - INFO - 接收响应: 500 sp AUTH REQUIRE

2025-04-20 18:56:51,527 - ATMClient - INFO - 发送消息: PASS 1234
2025-04-20 18:56:51,637 - ATMClient - INFO - 接收响应: 525 sp OK!

2025-04-20 18:56:53,097 - ATMClient - INFO - 发送消息: BALA
2025-04-20 18:56:53,174 - ATMClient - INFO - 接收响应: AMNT:800.0

2025-04-20 18:57:00,181 - ATMClient - INFO - 发送消息: WDRA 1000.0
2025-04-20 18:57:00,236 - ATMClient - INFO - 接收响应: 401 sp ERROR!

2025-04-20 18:57:32,673 - ATMClient - INFO - 发送消息: BALA
2025-04-20 18:57:32,701 - ATMClient - INFO - 接收响应: AMNT:800.0

2025-04-20 18:58:31,640 - ATMClient - INFO - 发送消息: BYE
2025-04-20 18:58:31,646 - ATMClient - INFO - 接收响应: BYE

2025-04-20 18:58:31,646 - ATMClient - INFO - 已断开与服务器的连接
2025-04-20 18:59:13,061 - ATMClient - INFO - 已连接到服务器: 10.244.121.128:2525
2025-04-20 18:59:13,061 - ATMClient - INFO - 发送消息: HELO 12345
2025-04-20 18:59:13,066 - ATMClient - INFO - 接收响应: 500 sp AUTH REQUIRE

2025-04-20 18:59:25,209 - ATMClient - INFO - 发送消息: PASS 123456
2025-04-20 18:59:25,253 - ATMClient - INFO - 接收响应: 401 sp ERROR!

2025-04-20 19:03:15,959 - ATMClient - ERROR - 无法连接到服务器: [WinError 10060] 由于连接方在一段时间后没有正确答复或连接的主机没有反应，连接尝试失败。
2025-04-20 19:04:20,719 - ATMClient - INFO - 已断开与服务器的连接

2025-05-20 20:20:13,504 - ATMClient - INFO - 已连接到服务器: localhost:2525
2025-05-20 20:20:13,504 - ATMClient - INFO - 发送消息: HELO 654321
2025-05-20 20:20:13,505 - ATMClient - INFO - 接收响应: 500 AUTH REQUIRED!

2025-05-20 20:20:17,875 - ATMClient - INFO - 发送消息: PASS 4321
2025-05-20 20:20:17,875 - ATMClient - INFO - 接收响应: 525 OK!

2025-05-20 20:20:18,835 - ATMClient - INFO - 发送消息: BALA
2025-05-20 20:20:18,836 - ATMClient - INFO - 接收响应: AMNT:5000.0

2025-05-20 20:20:20,861 - ATMClient - INFO - 已断开与服务器的连接
